<?xml version="1.0" encoding="UTF-8" standalone="no"?>
<scripting-project description="A test project">
    <director-timeline description="A test director timeline"/>
</scripting-project>
