<?xml version="1.0" encoding="UTF-8" standalone="no"?>
<scripting-project description="A test project">
    <director-timeline description="A test director timeline">
        <director-shots number-of-shots="1">
            <director-shot description="A test director shot" instance="9" name="shot-1"/>
        </director-shots>
    </director-timeline>
</scripting-project>
